<?xml version="1.0" encoding="UTF-8"?>
<testng-results ignored="0" total="1" passed="1" failed="0" skipped="0">
  <reporter-output>
  </reporter-output>
  <suite started-at="2026-02-05T08:04:43 IST" name="Suite" finished-at="2026-02-05T08:04:44 IST" duration-ms="58">
    <groups>
      <group name="smoke">
        <method signature="Demo1Test.fruitsTest()[pri:0, instance:Practice.Demo1Test@1d2adfbe]" name="fruitsTest" class="Practice.Demo1Test"/>
      </group> <!-- smoke -->
    </groups>
    <test started-at="2026-02-05T08:04:43 IST" name="Test" finished-at="2026-02-05T08:04:44 IST" duration-ms="58">
      <class name="Practice.Demo1Test">
        <test-method signature="fruitsTest()[pri:0, instance:Practice.Demo1Test@1d2adfbe]" started-at="2026-02-05T08:04:43 IST" name="fruitsTest" finished-at="2026-02-05T08:04:44 IST" duration-ms="11" status="PASS">
          <reporter-output>
          </reporter-output>
        </test-method> <!-- fruitsTest -->
      </class> <!-- Practice.Demo1Test -->
    </test> <!-- Test -->
  </suite> <!-- Suite -->
</testng-results>
